This is pdfTeX, Version 3.14159265-2.6-1.40.18 (TeX Live 2017) (preloaded format=pdflatex 2020.5.9)  23 OCT 2023 15:58
entering extended mode
 restricted \write18 enabled.
 file:line:error style messages enabled.
 %&-line parsing enabled.
**supplementary_materials.tex
(./supplementary_materials.tex
LaTeX2e <2017-04-15>
Babel <3.10> and hyphenation patterns for 84 language(s) loaded.
(/usr/local/texlive/2017/texmf-dist/tex/latex/base/article.cls
Document Class: article 2014/09/29 v1.4h Standard LaTeX document class
(/usr/local/texlive/2017/texmf-dist/tex/latex/base/size10.clo
File: size10.clo 2014/09/29 v1.4h Standard LaTeX file (size option)
)
\c@part=\count79
\c@section=\count80
\c@subsection=\count81
\c@subsubsection=\count82
\c@paragraph=\count83
\c@subparagraph=\count84
\c@figure=\count85
\c@table=\count86
\abovecaptionskip=\skip41
\belowcaptionskip=\skip42
\bibindent=\dimen102
)
(/usr/local/texlive/2017/texmf-dist/tex/latex/geometry/geometry.sty
Package: geometry 2010/09/12 v5.6 Page Geometry

(/usr/local/texlive/2017/texmf-dist/tex/latex/graphics/keyval.sty
Package: keyval 2014/10/28 v1.15 key=value parser (DPC)
\KV@toks@=\toks14
)
(/usr/local/texlive/2017/texmf-dist/tex/generic/oberdiek/ifpdf.sty
Package: ifpdf 2017/03/15 v3.2 Provides the ifpdf switch
)
(/usr/local/texlive/2017/texmf-dist/tex/generic/oberdiek/ifvtex.sty
Package: ifvtex 2016/05/16 v1.6 Detect VTeX and its facilities (HO)
Package ifvtex Info: VTeX not detected.
)
(/usr/local/texlive/2017/texmf-dist/tex/generic/ifxetex/ifxetex.sty
Package: ifxetex 2010/09/12 v0.6 Provides ifxetex conditional
)
\Gm@cnth=\count87
\Gm@cntv=\count88
\c@Gm@tempcnt=\count89
\Gm@bindingoffset=\dimen103
\Gm@wd@mp=\dimen104
\Gm@odd@mp=\dimen105
\Gm@even@mp=\dimen106
\Gm@layoutwidth=\dimen107
\Gm@layoutheight=\dimen108
\Gm@layouthoffset=\dimen109
\Gm@layoutvoffset=\dimen110
\Gm@dimlist=\toks15
)
(/usr/local/texlive/2017/texmf-dist/tex/generic/babel/babel.sty
Package: babel 2017/05/19 3.10 The Babel package

(/usr/local/texlive/2017/texmf-dist/tex/generic/babel-english/english.ldf
Language: english 2017/01/24 v3.3q English support from the babel system

(/usr/local/texlive/2017/texmf-dist/tex/generic/babel/babel.def
File: babel.def 2017/05/19 3.10 Babel common definitions
\babel@savecnt=\count90
\U@D=\dimen111
)
\l@canadian = a dialect from \language\l@american 
\l@australian = a dialect from \language\l@british 
\l@newzealand = a dialect from \language\l@british 
))
(/usr/local/texlive/2017/texmf-dist/tex/latex/amsmath/amsmath.sty
Package: amsmath 2016/11/05 v2.16a AMS math features
\@mathmargin=\skip43

For additional information on amsmath, use the `?' option.
(/usr/local/texlive/2017/texmf-dist/tex/latex/amsmath/amstext.sty
Package: amstext 2000/06/29 v2.01 AMS text

(/usr/local/texlive/2017/texmf-dist/tex/latex/amsmath/amsgen.sty
File: amsgen.sty 1999/11/30 v2.0 generic functions
\@emptytoks=\toks16
\ex@=\dimen112
))
(/usr/local/texlive/2017/texmf-dist/tex/latex/amsmath/amsbsy.sty
Package: amsbsy 1999/11/29 v1.2d Bold Symbols
\pmbraise@=\dimen113
)
(/usr/local/texlive/2017/texmf-dist/tex/latex/amsmath/amsopn.sty
Package: amsopn 2016/03/08 v2.02 operator names
)
\inf@bad=\count91
LaTeX Info: Redefining \frac on input line 213.
\uproot@=\count92
\leftroot@=\count93
LaTeX Info: Redefining \overline on input line 375.
\classnum@=\count94
\DOTSCASE@=\count95
LaTeX Info: Redefining \ldots on input line 472.
LaTeX Info: Redefining \dots on input line 475.
LaTeX Info: Redefining \cdots on input line 596.
\Mathstrutbox@=\box26
\strutbox@=\box27
\big@size=\dimen114
LaTeX Font Info:    Redeclaring font encoding OML on input line 712.
LaTeX Font Info:    Redeclaring font encoding OMS on input line 713.
\macc@depth=\count96
\c@MaxMatrixCols=\count97
\dotsspace@=\muskip10
\c@parentequation=\count98
\dspbrk@lvl=\count99
\tag@help=\toks17
\row@=\count100
\column@=\count101
\maxfields@=\count102
\andhelp@=\toks18
\eqnshift@=\dimen115
\alignsep@=\dimen116
\tagshift@=\dimen117
\tagwidth@=\dimen118
\totwidth@=\dimen119
\lineht@=\dimen120
\@envbody=\toks19
\multlinegap=\skip44
\multlinetaggap=\skip45
\mathdisplay@stack=\toks20
LaTeX Info: Redefining \[ on input line 2817.
LaTeX Info: Redefining \] on input line 2818.
)
(/usr/local/texlive/2017/texmf-dist/tex/latex/graphics/graphicx.sty
Package: graphicx 2014/10/28 v1.0g Enhanced LaTeX Graphics (DPC,SPQR)

(/usr/local/texlive/2017/texmf-dist/tex/latex/graphics/graphics.sty
Package: graphics 2017/04/14 v1.1b Standard LaTeX Graphics (DPC,SPQR)

(/usr/local/texlive/2017/texmf-dist/tex/latex/graphics/trig.sty
Package: trig 2016/01/03 v1.10 sin cos tan (DPC)
)
(/usr/local/texlive/2017/texmf-dist/tex/latex/graphics-cfg/graphics.cfg
File: graphics.cfg 2016/06/04 v1.11 sample graphics configuration
)
Package graphics Info: Driver file: pdftex.def on input line 99.

(/usr/local/texlive/2017/texmf-dist/tex/latex/graphics-def/pdftex.def
File: pdftex.def 2017/01/12 v0.06k Graphics/color for pdfTeX

(/usr/local/texlive/2017/texmf-dist/tex/generic/oberdiek/infwarerr.sty
Package: infwarerr 2016/05/16 v1.4 Providing info/warning/error messages (HO)
)
(/usr/local/texlive/2017/texmf-dist/tex/generic/oberdiek/ltxcmds.sty
Package: ltxcmds 2016/05/16 v1.23 LaTeX kernel commands for general use (HO)
)
\Gread@gobject=\count103
))
\Gin@req@height=\dimen121
\Gin@req@width=\dimen122
)
(/usr/local/texlive/2017/texmf-dist/tex/latex/setspace/setspace.sty
Package: setspace 2011/12/19 v6.7a set line spacing
)
(/usr/local/texlive/2017/texmf-dist/tex/latex/import/import.sty
Package: import 2009/03/23  v 5.1
)
(/usr/local/texlive/2017/texmf-dist/tex/latex/float/float.sty
Package: float 2001/11/08 v1.3d Float enhancements (AL)
\c@float@type=\count104
\float@exts=\toks21
\float@box=\box28
\@float@everytoks=\toks22
\@floatcapt=\box29
)
(/usr/local/texlive/2017/texmf-dist/tex/latex/xcite/xcite.sty
Package: xcite 2011/09/02 v1.0 eXternal Citations (EG)
)
(/usr/local/texlive/2017/texmf-dist/tex/latex/hyperref/hyperref.sty
Package: hyperref 2017/03/14 v6.85a Hypertext links for LaTeX

(/usr/local/texlive/2017/texmf-dist/tex/generic/oberdiek/hobsub-hyperref.sty
Package: hobsub-hyperref 2016/05/16 v1.14 Bundle oberdiek, subset hyperref (HO)


(/usr/local/texlive/2017/texmf-dist/tex/generic/oberdiek/hobsub-generic.sty
Package: hobsub-generic 2016/05/16 v1.14 Bundle oberdiek, subset generic (HO)
Package: hobsub 2016/05/16 v1.14 Construct package bundles (HO)
Package hobsub Info: Skipping package `infwarerr' (already loaded).
Package hobsub Info: Skipping package `ltxcmds' (already loaded).
Package: ifluatex 2016/05/16 v1.4 Provides the ifluatex switch (HO)
Package ifluatex Info: LuaTeX not detected.
Package hobsub Info: Skipping package `ifvtex' (already loaded).
Package: intcalc 2016/05/16 v1.2 Expandable calculations with integers (HO)
Package hobsub Info: Skipping package `ifpdf' (already loaded).
Package: etexcmds 2016/05/16 v1.6 Avoid name clashes with e-TeX commands (HO)
Package etexcmds Info: Could not find \expanded.
(etexcmds)             That can mean that you are not using pdfTeX 1.50 or
(etexcmds)             that some package has redefined \expanded.
(etexcmds)             In the latter case, load this package earlier.
Package: kvsetkeys 2016/05/16 v1.17 Key value parser (HO)
Package: kvdefinekeys 2016/05/16 v1.4 Define keys (HO)
Package: pdftexcmds 2017/03/19 v0.25 Utility functions of pdfTeX for LuaTeX (HO
)
Package pdftexcmds Info: LuaTeX not detected.
Package pdftexcmds Info: \pdf@primitive is available.
Package pdftexcmds Info: \pdf@ifprimitive is available.
Package pdftexcmds Info: \pdfdraftmode found.
Package: pdfescape 2016/05/16 v1.14 Implements pdfTeX's escape features (HO)
Package: bigintcalc 2016/05/16 v1.4 Expandable calculations on big integers (HO
)
Package: bitset 2016/05/16 v1.2 Handle bit-vector datatype (HO)
Package: uniquecounter 2016/05/16 v1.3 Provide unlimited unique counter (HO)
)
Package hobsub Info: Skipping package `hobsub' (already loaded).
Package: letltxmacro 2016/05/16 v1.5 Let assignment for LaTeX macros (HO)
Package: hopatch 2016/05/16 v1.3 Wrapper for package hooks (HO)
Package: xcolor-patch 2016/05/16 xcolor patch
Package: atveryend 2016/05/16 v1.9 Hooks at the very end of document (HO)
Package atveryend Info: \enddocument detected (standard20110627).
Package: atbegshi 2016/06/09 v1.18 At begin shipout hook (HO)
Package: refcount 2016/05/16 v3.5 Data extraction from label references (HO)
Package: hycolor 2016/05/16 v1.8 Color options for hyperref/bookmark (HO)
)
(/usr/local/texlive/2017/texmf-dist/tex/latex/oberdiek/auxhook.sty
Package: auxhook 2016/05/16 v1.4 Hooks for auxiliary files (HO)
)
(/usr/local/texlive/2017/texmf-dist/tex/latex/oberdiek/kvoptions.sty
Package: kvoptions 2016/05/16 v3.12 Key value format for package options (HO)
)
\@linkdim=\dimen123
\Hy@linkcounter=\count105
\Hy@pagecounter=\count106

(/usr/local/texlive/2017/texmf-dist/tex/latex/hyperref/pd1enc.def
File: pd1enc.def 2017/03/14 v6.85a Hyperref: PDFDocEncoding definition (HO)
)
\Hy@SavedSpaceFactor=\count107

(/usr/local/texlive/2017/texmf-dist/tex/latex/latexconfig/hyperref.cfg
File: hyperref.cfg 2002/06/06 v1.2 hyperref configuration of TeXLive
)
Package hyperref Info: Hyper figures OFF on input line 4498.
Package hyperref Info: Link nesting OFF on input line 4503.
Package hyperref Info: Hyper index ON on input line 4506.
Package hyperref Info: Plain pages OFF on input line 4513.
Package hyperref Info: Backreferencing OFF on input line 4518.
Package hyperref Info: Implicit mode ON; LaTeX internals redefined.
Package hyperref Info: Bookmarks ON on input line 4751.
\c@Hy@tempcnt=\count108

(/usr/local/texlive/2017/texmf-dist/tex/latex/url/url.sty
\Urlmuskip=\muskip11
Package: url 2013/09/16  ver 3.4  Verb mode for urls, etc.
)
LaTeX Info: Redefining \url on input line 5104.
\XeTeXLinkMargin=\dimen124
\Fld@menulength=\count109
\Field@Width=\dimen125
\Fld@charsize=\dimen126
Package hyperref Info: Hyper figures OFF on input line 6358.
Package hyperref Info: Link nesting OFF on input line 6363.
Package hyperref Info: Hyper index ON on input line 6366.
Package hyperref Info: backreferencing OFF on input line 6373.
Package hyperref Info: Link coloring OFF on input line 6378.
Package hyperref Info: Link coloring with OCG OFF on input line 6383.
Package hyperref Info: PDF/A mode OFF on input line 6388.
LaTeX Info: Redefining \ref on input line 6428.
LaTeX Info: Redefining \pageref on input line 6432.
\Hy@abspage=\count110
\c@Item=\count111
\c@Hfootnote=\count112
)

Package hyperref Message: Driver (autodetected): hpdftex.

(/usr/local/texlive/2017/texmf-dist/tex/latex/hyperref/hpdftex.def
File: hpdftex.def 2017/03/14 v6.85a Hyperref driver for pdfTeX
\Fld@listcount=\count113
\c@bookmark@seq@number=\count114

(/usr/local/texlive/2017/texmf-dist/tex/latex/oberdiek/rerunfilecheck.sty
Package: rerunfilecheck 2016/05/16 v1.8 Rerun checks for auxiliary files (HO)
Package uniquecounter Info: New unique counter `rerunfilecheck' on input line 2
82.
)
\Hy@SectionHShift=\skip46
)
(/usr/local/texlive/2017/texmf-dist/tex/latex/xcolor/xcolor.sty
Package: xcolor 2016/05/11 v2.12 LaTeX color extensions (UK)

(/usr/local/texlive/2017/texmf-dist/tex/latex/graphics-cfg/color.cfg
File: color.cfg 2016/01/02 v1.6 sample color configuration
)
Package xcolor Info: Driver file: pdftex.def on input line 225.
Package xcolor Info: Model `cmy' substituted by `cmy0' on input line 1348.
Package xcolor Info: Model `hsb' substituted by `rgb' on input line 1352.
Package xcolor Info: Model `RGB' extended on input line 1364.
Package xcolor Info: Model `HTML' substituted by `rgb' on input line 1366.
Package xcolor Info: Model `Hsb' substituted by `hsb' on input line 1367.
Package xcolor Info: Model `tHsb' substituted by `hsb' on input line 1368.
Package xcolor Info: Model `HSB' substituted by `hsb' on input line 1369.
Package xcolor Info: Model `Gray' substituted by `gray' on input line 1370.
Package xcolor Info: Model `wave' substituted by `hsb' on input line 1371.
)
(/usr/local/texlive/2017/texmf-dist/tex/latex/caption/caption.sty
Package: caption 2016/02/21 v3.3-144 Customizing captions (AR)

(/usr/local/texlive/2017/texmf-dist/tex/latex/caption/caption3.sty
Package: caption3 2016/05/22 v1.7-166 caption3 kernel (AR)
Package caption3 Info: TeX engine: e-TeX on input line 67.
\captionmargin=\dimen127
\captionmargin@=\dimen128
\captionwidth=\dimen129
\caption@tempdima=\dimen130
\caption@indent=\dimen131
\caption@parindent=\dimen132
\caption@hangindent=\dimen133
)
\c@ContinuedFloat=\count115
Package caption Info: float package is loaded.
Package caption Info: hyperref package is loaded.
)
(/usr/local/texlive/2017/texmf-dist/tex/latex/tocloft/tocloft.sty
Package: tocloft 2013/05/02 v2.3f parameterised ToC, etc., typesetting
Package tocloft Info: The document has section divisions on input line 44.
\cftparskip=\skip47
\cftbeforetoctitleskip=\skip48
\cftaftertoctitleskip=\skip49
\cftbeforepartskip=\skip50
\cftpartnumwidth=\skip51
\cftpartindent=\skip52
\cftbeforesecskip=\skip53
\cftsecindent=\skip54
\cftsecnumwidth=\skip55
\cftbeforesubsecskip=\skip56
\cftsubsecindent=\skip57
\cftsubsecnumwidth=\skip58
\cftbeforesubsubsecskip=\skip59
\cftsubsubsecindent=\skip60
\cftsubsubsecnumwidth=\skip61
\cftbeforeparaskip=\skip62
\cftparaindent=\skip63
\cftparanumwidth=\skip64
\cftbeforesubparaskip=\skip65
\cftsubparaindent=\skip66
\cftsubparanumwidth=\skip67
\cftbeforeloftitleskip=\skip68
\cftafterloftitleskip=\skip69
\cftbeforefigskip=\skip70
\cftfigindent=\skip71
\cftfignumwidth=\skip72
\c@lofdepth=\count116
\c@lotdepth=\count117
\cftbeforelottitleskip=\skip73
\cftafterlottitleskip=\skip74
\cftbeforetabskip=\skip75
\cfttabindent=\skip76
\cfttabnumwidth=\skip77
)
(./supplementary_materials.aux)
\openout1 = `supplementary_materials.aux'.

LaTeX Font Info:    Checking defaults for OML/cmm/m/it on input line 24.
LaTeX Font Info:    ... okay on input line 24.
LaTeX Font Info:    Checking defaults for T1/cmr/m/n on input line 24.
LaTeX Font Info:    ... okay on input line 24.
LaTeX Font Info:    Checking defaults for OT1/cmr/m/n on input line 24.
LaTeX Font Info:    ... okay on input line 24.
LaTeX Font Info:    Checking defaults for OMS/cmsy/m/n on input line 24.
LaTeX Font Info:    ... okay on input line 24.
LaTeX Font Info:    Checking defaults for OMX/cmex/m/n on input line 24.
LaTeX Font Info:    ... okay on input line 24.
LaTeX Font Info:    Checking defaults for U/cmr/m/n on input line 24.
LaTeX Font Info:    ... okay on input line 24.
LaTeX Font Info:    Checking defaults for PD1/pdf/m/n on input line 24.
LaTeX Font Info:    ... okay on input line 24.

*geometry* driver: auto-detecting
*geometry* detected driver: pdftex
*geometry* verbose mode - [ preamble ] result:
* driver: pdftex
* paper: letterpaper
* layout: <same size as paper>
* layoutoffset:(h,v)=(0.0pt,0.0pt)
* modes: 
* h-part:(L,W,R)=(82.51282pt, 449.26936pt, 82.51282pt)
* v-part:(T,H,B)=(56.9055pt, 681.15898pt, 56.9055pt)
* \paperwidth=614.295pt
* \paperheight=794.96999pt
* \textwidth=449.26936pt
* \textheight=681.15898pt
* \oddsidemargin=10.24283pt
* \evensidemargin=10.24283pt
* \topmargin=-52.36449pt
* \headheight=12.0pt
* \headsep=25.0pt
* \topskip=10.0pt
* \footskip=30.0pt
* \marginparwidth=49.79231pt
* \marginparsep=11.0pt
* \columnsep=10.0pt
* \skip\footins=9.0pt plus 4.0pt minus 2.0pt
* \hoffset=0.0pt
* \voffset=0.0pt
* \mag=1000
* \@twocolumnfalse
* \@twosidefalse
* \@mparswitchfalse
* \@reversemarginfalse
* (1in=72.27pt=25.4mm, 1cm=28.453pt)

(/usr/local/texlive/2017/texmf-dist/tex/context/base/mkii/supp-pdf.mkii
[Loading MPS to PDF converter (version 2006.09.02).]
\scratchcounter=\count118
\scratchdimen=\dimen134
\scratchbox=\box30
\nofMPsegments=\count119
\nofMParguments=\count120
\everyMPshowfont=\toks23
\MPscratchCnt=\count121
\MPscratchDim=\dimen135
\MPnumerator=\count122
\makeMPintoPDFobject=\count123
\everyMPtoPDFconversion=\toks24
) (/usr/local/texlive/2017/texmf-dist/tex/latex/oberdiek/epstopdf-base.sty
Package: epstopdf-base 2016/05/15 v2.6 Base part for package epstopdf

(/usr/local/texlive/2017/texmf-dist/tex/latex/oberdiek/grfext.sty
Package: grfext 2016/05/16 v1.2 Manage graphics extensions (HO)
)
Package epstopdf-base Info: Redefining graphics rule for `.eps' on input line 4
38.
Package grfext Info: Graphics extension search list:
(grfext)             [.png,.pdf,.jpg,.mps,.jpeg,.jbig2,.jb2,.PNG,.PDF,.JPG,.JPE
G,.JBIG2,.JB2,.eps]
(grfext)             \AppendGraphicsExtensions on input line 456.

(/usr/local/texlive/2017/texmf-dist/tex/latex/latexconfig/epstopdf-sys.cfg
File: epstopdf-sys.cfg 2010/07/13 v1.3 Configuration of (r)epstopdf for TeX Liv
e
))
\AtBeginShipoutBox=\box31
Package hyperref Info: Link coloring OFF on input line 24.

(/usr/local/texlive/2017/texmf-dist/tex/latex/hyperref/nameref.sty
Package: nameref 2016/05/21 v2.44 Cross-referencing by name of section

(/usr/local/texlive/2017/texmf-dist/tex/generic/oberdiek/gettitlestring.sty
Package: gettitlestring 2016/05/16 v1.5 Cleanup title references (HO)
)
\c@section@level=\count124
)
LaTeX Info: Redefining \ref on input line 24.
LaTeX Info: Redefining \pageref on input line 24.
LaTeX Info: Redefining \nameref on input line 24.

(./supplementary_materials.out) (./supplementary_materials.out)
\@outlinefile=\write3
\openout3 = `supplementary_materials.out'.

Package caption Info: Begin \AtBeginDocument code.
Package caption Info: End \AtBeginDocument code.
 [0

{/usr/local/texlive/2017/texmf-var/fonts/map/pdftex/updmap/pdftex.map}]
(./supplementary_materials.toc)
\tf@toc=\write4
\openout4 = `supplementary_materials.toc'.

 [1] (./tables/dhs_summary_table.tex
Missing character: There is no Ã in font cmr9!
Missing character: There is no ´ in font cmr9!
Missing character: There is no â in font cmr9!
Missing character: There is no € in font cmr9!
Missing character: There is no ™ in font cmr9!
) [2]
Overfull \vbox (56.24373pt too high) has occurred while \output is active []


[3] (./tables/dhs_summary_table_changes.tex
Missing character: There is no Ã in font cmr9!
Missing character: There is no ´ in font cmr9!
Missing character: There is no â in font cmr9!
Missing character: There is no € in font cmr9!
Missing character: There is no ™ in font cmr9!
) [4]
<figures/dhsindex_globalindex_cor.png, id=110, 578.16pt x 722.7pt>
File: figures/dhsindex_globalindex_cor.png Graphic file (type png)

<use figures/dhsindex_globalindex_cor.png>
Package pdftex.def Info: figures/dhsindex_globalindex_cor.png used on input lin
e 117.
(pdftex.def)             Requested size: 359.41685pt x 449.27136pt.
 [5 <./figures/dhsindex_globalindex_cor.png>]
<figures/fb_features_cor_each_country.png, id=116, 1445.4pt x 650.43pt>
File: figures/fb_features_cor_each_country.png Graphic file (type png)

<use figures/fb_features_cor_each_country.png>
Package pdftex.def Info: figures/fb_features_cor_each_country.png used on input
 line 129.
(pdftex.def)             Requested size: 449.26936pt x 202.16714pt.
 [6 <./figures/fb_features_cor_each_country.png>]
<figures/cor_between_vars.png, id=125, 1259.1843pt x 650.43pt>
File: figures/cor_between_vars.png Graphic file (type png)

<use figures/cor_between_vars.png>
Package pdftex.def Info: figures/cor_between_vars.png used on input line 141.
(pdftex.def)             Requested size: 449.26936pt x 232.07042pt.
 [7 <./figures/cor_between_vars.png>]
<figures/r2_scatter_eachcountry.png, id=132, 867.24pt x 1084.05pt>
File: figures/r2_scatter_eachcountry.png Graphic file (type png)

<use figures/r2_scatter_eachcountry.png>
Package pdftex.def Info: figures/r2_scatter_eachcountry.png used on input line 
153.
(pdftex.def)             Requested size: 449.26936pt x 561.59198pt.

<figures/r2_scatter_eachcountry_districtagg.png, id=133, 867.24pt x 1084.05pt>
File: figures/r2_scatter_eachcountry_districtagg.png Graphic file (type png)

<use figures/r2_scatter_eachcountry_districtagg.png>
Package pdftex.def Info: figures/r2_scatter_eachcountry_districtagg.png used on
 input line 160.
(pdftex.def)             Requested size: 449.26936pt x 561.59198pt.
 [8 <./figures/r2_scatter_eachcountry.png>] [9 <./figures/r2_scatter_eachcountr
y_districtagg.png>]
<figures/r2_scatter_pooled_by_continent.png, id=148, 867.24pt x 722.7pt>
File: figures/r2_scatter_pooled_by_continent.png Graphic file (type png)

<use figures/r2_scatter_pooled_by_continent.png>
Package pdftex.def Info: figures/r2_scatter_pooled_by_continent.png used on inp
ut line 172.
(pdftex.def)             Requested size: 449.26936pt x 374.39464pt.
 [10 <./figures/r2_scatter_pooled_by_continent.png>]
<figures/country_featureset_r2.png, id=155, 433.62pt x 722.7pt>
File: figures/country_featureset_r2.png Graphic file (type png)

<use figures/country_featureset_r2.png>
Package pdftex.def Info: figures/country_featureset_r2.png used on input line 1
84.
(pdftex.def)             Requested size: 359.41685pt x 599.05789pt.
 [11]
Overfull \vbox (1.10777pt too high) has occurred while \output is active []


[12 <./figures/country_featureset_r2.png>]
<figures/changes_scatter_cluster.png, id=168, 867.24pt x 722.7pt>
File: figures/changes_scatter_cluster.png Graphic file (type png)

<use figures/changes_scatter_cluster.png>
Package pdftex.def Info: figures/changes_scatter_cluster.png used on input line
 196.
(pdftex.def)             Requested size: 449.26936pt x 374.39464pt.

<figures/changes_scatter_adm2.png, id=169, 867.24pt x 722.7pt>
File: figures/changes_scatter_adm2.png Graphic file (type png)

<use figures/changes_scatter_adm2.png>
Package pdftex.def Info: figures/changes_scatter_adm2.png used on input line 20
3.
(pdftex.def)             Requested size: 449.26936pt x 374.39464pt.
 [13 <./figures/changes_scatter_cluster.png>] [14 <./figures/changes_scatter_ad
m2.png>]
(./tables/explain_error_levels_lm.tex) (./tables/explain_error_changes_lm.tex)
Overfull \hbox (17.76509pt too wide) in paragraph at lines 4--232
 [][] 
 []

[15] <figures/explain_error_levels.png, id=189, 578.16pt x 289.08pt>
File: figures/explain_error_levels.png Graphic file (type png)

<use figures/explain_error_levels.png>
Package pdftex.def Info: figures/explain_error_levels.png used on input line 23
8.
(pdftex.def)             Requested size: 359.41685pt x 179.70854pt.

<figures/explain_error_changes.png, id=190, 578.16pt x 289.08pt>
File: figures/explain_error_changes.png Graphic file (type png)

<use figures/explain_error_changes.png>
Package pdftex.def Info: figures/explain_error_changes.png used on input line 2
45.
(pdftex.def)             Requested size: 359.41685pt x 179.70854pt.
 [16 <./figures/explain_error_levels.png>] [17 <./figures/explain_error_changes
.png>]
<figures/policy_exp_nigeria_gadm_1.png, id=204, 289.08pt x 361.35pt>
File: figures/policy_exp_nigeria_gadm_1.png Graphic file (type png)

<use figures/policy_exp_nigeria_gadm_1.png>
Package pdftex.def Info: figures/policy_exp_nigeria_gadm_1.png used on input li
ne 257.
(pdftex.def)             Requested size: 404.33968pt x 505.45097pt.
 [18 <./figures/policy_exp_nigeria_gadm_1.png>] <figures/ml_results_type.png, i
d=211, 397.485pt x 289.08pt>
File: figures/ml_results_type.png Graphic file (type png)

<use figures/ml_results_type.png>
Package pdftex.def Info: figures/ml_results_type.png used on input line 269.
(pdftex.def)             Requested size: 404.33968pt x 294.07253pt.
 [19 <./figures/ml_results_type.png>]
(./tables/within_across_pca_sd.tex
Missing character: There is no Ã in font cmr9!
Missing character: There is no ´ in font cmr9!
Missing character: There is no â in font cmr9!
Missing character: There is no € in font cmr9!
Missing character: There is no ™ in font cmr9!
) [20]
Overfull \vbox (53.44374pt too high) has occurred while \output is active []


[21]
Overfull \hbox (70.42133pt too wide) in paragraph at lines 301--325
 [][] 
 []

[22] <figures/lsms_pov_measure_cor.png, id=233, 433.62pt x 289.08pt>
File: figures/lsms_pov_measure_cor.png Graphic file (type png)

<use figures/lsms_pov_measure_cor.png>
Package pdftex.def Info: figures/lsms_pov_measure_cor.png used on input line 33
5.
(pdftex.def)             Requested size: 404.33968pt x 269.57384pt.

<figures/lsms_r2.png, id=234, 722.7pt x 361.35pt>
File: figures/lsms_r2.png Graphic file (type png)
 <use figures/lsms_r2.png>
Package pdftex.def Info: figures/lsms_r2.png used on input line 342.
(pdftex.def)             Requested size: 404.33968pt x 202.17267pt.

<figures/lsms_feature_type.png, id=235, 578.16pt x 433.62pt>
File: figures/lsms_feature_type.png Graphic file (type png)

<use figures/lsms_feature_type.png>
Package pdftex.def Info: figures/lsms_feature_type.png used on input line 349.
(pdftex.def)             Requested size: 404.33968pt x 303.25403pt.
 [23 <./figures/lsms_pov_measure_cor.png> <./figures/lsms_r2.png>] [24 <./figur
es/lsms_feature_type.png>]
<figures/educ_fb_dhs_boxplot.png, id=250, 433.62pt x 289.08pt>
File: figures/educ_fb_dhs_boxplot.png Graphic file (type png)

<use figures/educ_fb_dhs_boxplot.png>
Package pdftex.def Info: figures/educ_fb_dhs_boxplot.png used on input line 363
.
(pdftex.def)             Requested size: 224.63467pt x 149.75784pt.

<figures/educ_fb_dhs_scatter_cluster.png, id=251, 867.24pt x 867.24pt>
File: figures/educ_fb_dhs_scatter_cluster.png Graphic file (type png)

<use figures/educ_fb_dhs_scatter_cluster.png>
Package pdftex.def Info: figures/educ_fb_dhs_scatter_cluster.png used on input 
line 370.
(pdftex.def)             Requested size: 449.26936pt x 449.27357pt.
 [25 <./figures/educ_fb_dhs_boxplot.png>] <figures/educ_fb_dhs_scatter_adm2.png
, id=257, 867.24pt x 867.24pt>
File: figures/educ_fb_dhs_scatter_adm2.png Graphic file (type png)

<use figures/educ_fb_dhs_scatter_adm2.png>
Package pdftex.def Info: figures/educ_fb_dhs_scatter_adm2.png used on input lin
e 377.
(pdftex.def)             Requested size: 449.26936pt x 449.27357pt.
 [26 <./figures/educ_fb_dhs_scatter_cluster.png>] <figures/educ_fb_dhs_explain.
png, id=264, 433.62pt x 433.62pt>
File: figures/educ_fb_dhs_explain.png Graphic file (type png)

<use figures/educ_fb_dhs_explain.png>
Package pdftex.def Info: figures/educ_fb_dhs_explain.png used on input line 384
.
(pdftex.def)             Requested size: 359.41685pt x 359.43474pt.
 [27 <./figures/educ_fb_dhs_scatter_adm2.png>]
Package atveryend Info: Empty hook `BeforeClearDocument' on input line 390.
 [28 <./figures/educ_fb_dhs_explain.png>]
Package atveryend Info: Empty hook `AfterLastShipout' on input line 390.
 (./supplementary_materials.aux)
Package atveryend Info: Executing hook `AtVeryEndDocument' on input line 390.
Package atveryend Info: Executing hook `AtEndAfterFileList' on input line 390.
Package rerunfilecheck Info: File `supplementary_materials.out' has not changed
.
(rerunfilecheck)             Checksum: 18E88B9A1938F5925EF78E77647D7776;1332.
Package atveryend Info: Empty hook `AtVeryVeryEnd' on input line 390.
 ) 
Here is how much of TeX's memory you used:
 8613 strings out of 492995
 130586 string characters out of 6132705
 253496 words of memory out of 5000000
 11964 multiletter control sequences out of 15000+600000
 9370 words of font info for 34 fonts, out of 8000000 for 9000
 1141 hyphenation exceptions out of 8191
 36i,10n,39p,730b,372s stack positions out of 5000i,500n,10000p,200000b,80000s
</usr/local/texlive/2017/texmf-dist/fonts/type1/public/amsfonts/cm/cmbx10.pfb
></usr/local/texlive/2017/texmf-dist/fonts/type1/public/amsfonts/cm/cmbx12.pfb>
</usr/local/texlive/2017/texmf-dist/fonts/type1/public/amsfonts/cm/cmbx8.pfb></
usr/local/texlive/2017/texmf-dist/fonts/type1/public/amsfonts/cm/cmmi10.pfb></u
sr/local/texlive/2017/texmf-dist/fonts/type1/public/amsfonts/cm/cmmi8.pfb></usr
/local/texlive/2017/texmf-dist/fonts/type1/public/amsfonts/cm/cmmi9.pfb></usr/l
ocal/texlive/2017/texmf-dist/fonts/type1/public/amsfonts/cm/cmr10.pfb></usr/loc
al/texlive/2017/texmf-dist/fonts/type1/public/amsfonts/cm/cmr17.pfb></usr/local
/texlive/2017/texmf-dist/fonts/type1/public/amsfonts/cm/cmr6.pfb></usr/local/te
xlive/2017/texmf-dist/fonts/type1/public/amsfonts/cm/cmr7.pfb></usr/local/texli
ve/2017/texmf-dist/fonts/type1/public/amsfonts/cm/cmr8.pfb></usr/local/texlive/
2017/texmf-dist/fonts/type1/public/amsfonts/cm/cmr9.pfb></usr/local/texlive/201
7/texmf-dist/fonts/type1/public/amsfonts/cm/cmsy6.pfb></usr/local/texlive/2017/
texmf-dist/fonts/type1/public/amsfonts/cm/cmsy9.pfb></usr/local/texlive/2017/te
xmf-dist/fonts/type1/public/amsfonts/cm/cmti9.pfb>
Output written on supplementary_materials.pdf (29 pages, 16579544 bytes).
PDF statistics:
 342 PDF objects out of 1000 (max. 8388607)
 261 compressed objects within 3 object streams
 71 named destinations out of 1000 (max. 500000)
 221 words of extra memory for PDF output out of 10000 (max. 10000000)

